<?xml version="1.0" encoding="UTF-8"?>
<!-- Generated by org.testng.reporters.JUnitXMLReporter -->
<testsuite ignored="1" hostname="DESKTOP-TCVE54T" failures="0" tests="1" name="Test" time="7.981" errors="0" timestamp="2025-01-25T22:43:45 IST">
  <testcase classname="testCases.TC002_LoginTest" name="Verify_Login" time="2.741"/>
  <testcase classname="testCases.TC001_AccountRegistrationTest" name="verify_account_registration" time="0.0">
    <ignored/>
  </testcase> <!-- verify_account_registration -->
</testsuite> <!-- Test -->
